<?xml version="1.0" encoding="UTF-8"?>
<!-- Generated by org.testng.reporters.JUnitReportReporter -->
<testsuite hostname="Unknown" failures="0" tests="1" name="Newtest.Run" time="78.247" errors="0" timestamp="2023-06-20T18:26:22 BDT" skipped="0">
  <testcase classname="Newtest.Run" name="firstTest" time="78.247"/>
</testsuite> <!-- Newtest.Run -->
